<?xml version="1.0" encoding="UTF-8" ?>
<testsuite tests="6" failures="0" name="com.google.zetasql.IdentidySelectedColumnsTest" time="2.431" errors="0" skipped="0">
  <properties>
[...]
</properties>
  <testcase classname="com.google.zetasql.IdentidySelectedColumnsTest" name="noRecommendationTest" time="2.203"/>
  <testcase classname="com.google.zetasql.IdentidySelectedColumnsTest" name="selectStarBothTablesWithJoinTest" time="0.068"/>
  <testcase classname="com.google.zetasql.IdentidySelectedColumnsTest" name="selectStarWithJoinTest" time="0.032"/>
  <testcase classname="com.google.zetasql.IdentidySelectedColumnsTest" name="selectStarWithJoinAndSubSelectTest" time="0.052"/>
  <testcase classname="com.google.zetasql.IdentidySelectedColumnsTest" name="selectEachColSingleTableTest" time="0.042"/>
  <testcase classname="com.google.zetasql.IdentidySelectedColumnsTest" name="selectStarSingleTableTest" time="0.034"/>
</testsuite>